[0608/142608.632:WARNING:dns_config_service_win.cc(668)] Failed to read DnsConfig.
[0608/142613.635:WARNING:dns_config_service_win.cc(668)] Failed to read DnsConfig.
[0608/142618.637:WARNING:dns_config_service_win.cc(668)] Failed to read DnsConfig.
[0608/142623.640:WARNING:dns_config_service_win.cc(668)] Failed to read DnsConfig.
[0608/142628.645:WARNING:dns_config_service_win.cc(668)] Failed to read DnsConfig.
[0608/142633.648:WARNING:dns_config_service_win.cc(668)] Failed to read DnsConfig.
[0608/142638.652:WARNING:dns_config_service_win.cc(668)] Failed to read DnsConfig.
[0608/142643.655:WARNING:dns_config_service_win.cc(668)] Failed to read DnsConfig.
[0608/142648.658:WARNING:dns_config_service_win.cc(668)] Failed to read DnsConfig.
[0608/142653.663:WARNING:dns_config_service_win.cc(668)] Failed to read DnsConfig.
[0608/142658.665:WARNING:dns_config_service_win.cc(668)] Failed to read DnsConfig.
[0608/142703.669:WARNING:dns_config_service_win.cc(668)] Failed to read DnsConfig.
[0608/142708.672:WARNING:dns_config_service_win.cc(668)] Failed to read DnsConfig.
[0608/142713.677:WARNING:dns_config_service_win.cc(668)] Failed to read DnsConfig.
[0608/142718.681:WARNING:dns_config_service_win.cc(668)] Failed to read DnsConfig.
[0608/142723.685:WARNING:dns_config_service_win.cc(668)] Failed to read DnsConfig.
[0608/142728.688:WARNING:dns_config_service_win.cc(668)] Failed to read DnsConfig.
[0608/142733.691:WARNING:dns_config_service_win.cc(668)] Failed to read DnsConfig.
[0608/142738.695:WARNING:dns_config_service_win.cc(668)] Failed to read DnsConfig.
[0608/142743.698:WARNING:dns_config_service_win.cc(668)] Failed to read DnsConfig.
[0608/142748.701:WARNING:dns_config_service_win.cc(668)] Failed to read DnsConfig.
[0608/142753.705:WARNING:dns_config_service_win.cc(668)] Failed to read DnsConfig.
[0608/142758.708:WARNING:dns_config_service_win.cc(668)] Failed to read DnsConfig.
[0608/142803.712:WARNING:dns_config_service_win.cc(668)] Failed to read DnsConfig.
[0608/142808.715:WARNING:dns_config_service_win.cc(668)] Failed to read DnsConfig.
[0608/142813.718:WARNING:dns_config_service_win.cc(668)] Failed to read DnsConfig.
[0608/142818.721:WARNING:dns_config_service_win.cc(668)] Failed to read DnsConfig.
[0608/142823.724:WARNING:dns_config_service_win.cc(668)] Failed to read DnsConfig.
[0608/142828.728:WARNING:dns_config_service_win.cc(668)] Failed to read DnsConfig.
[0608/142833.731:WARNING:dns_config_service_win.cc(668)] Failed to read DnsConfig.
[0608/142838.735:WARNING:dns_config_service_win.cc(668)] Failed to read DnsConfig.
[0608/142843.738:WARNING:dns_config_service_win.cc(668)] Failed to read DnsConfig.
[0608/142848.741:WARNING:dns_config_service_win.cc(668)] Failed to read DnsConfig.
[0608/142853.745:WARNING:dns_config_service_win.cc(668)] Failed to read DnsConfig.
[0608/142858.748:WARNING:dns_config_service_win.cc(668)] Failed to read DnsConfig.
[0608/142903.752:WARNING:dns_config_service_win.cc(668)] Failed to read DnsConfig.
[0608/142908.755:WARNING:dns_config_service_win.cc(668)] Failed to read DnsConfig.
[0608/142913.759:WARNING:dns_config_service_win.cc(668)] Failed to read DnsConfig.
[0608/142918.763:WARNING:dns_config_service_win.cc(668)] Failed to read DnsConfig.
[0608/142923.766:WARNING:dns_config_service_win.cc(668)] Failed to read DnsConfig.
[0608/142928.769:WARNING:dns_config_service_win.cc(668)] Failed to read DnsConfig.
[0608/142933.771:WARNING:dns_config_service_win.cc(668)] Failed to read DnsConfig.
[0608/142938.774:WARNING:dns_config_service_win.cc(668)] Failed to read DnsConfig.
[0608/142943.777:WARNING:dns_config_service_win.cc(668)] Failed to read DnsConfig.
[0608/142948.780:WARNING:dns_config_service_win.cc(668)] Failed to read DnsConfig.
[0608/142953.784:WARNING:dns_config_service_win.cc(668)] Failed to read DnsConfig.
[0608/142958.787:WARNING:dns_config_service_win.cc(668)] Failed to read DnsConfig.
[0608/143003.790:WARNING:dns_config_service_win.cc(668)] Failed to read DnsConfig.
[0608/143008.793:WARNING:dns_config_service_win.cc(668)] Failed to read DnsConfig.
[0608/143013.797:WARNING:dns_config_service_win.cc(668)] Failed to read DnsConfig.
[0608/143018.801:WARNING:dns_config_service_win.cc(668)] Failed to read DnsConfig.
[0608/143023.804:WARNING:dns_config_service_win.cc(668)] Failed to read DnsConfig.
[0608/143028.807:WARNING:dns_config_service_win.cc(668)] Failed to read DnsConfig.
[0608/143033.812:WARNING:dns_config_service_win.cc(668)] Failed to read DnsConfig.
[0608/143038.816:WARNING:dns_config_service_win.cc(668)] Failed to read DnsConfig.
[0608/143043.817:WARNING:dns_config_service_win.cc(668)] Failed to read DnsConfig.
[0608/143048.819:WARNING:dns_config_service_win.cc(668)] Failed to read DnsConfig.
[0608/143053.822:WARNING:dns_config_service_win.cc(668)] Failed to read DnsConfig.
[0608/143058.824:WARNING:dns_config_service_win.cc(668)] Failed to read DnsConfig.
[0608/143103.827:WARNING:dns_config_service_win.cc(668)] Failed to read DnsConfig.
[0608/143108.829:WARNING:dns_config_service_win.cc(668)] Failed to read DnsConfig.
[0608/143113.832:WARNING:dns_config_service_win.cc(668)] Failed to read DnsConfig.
[0608/143118.833:WARNING:dns_config_service_win.cc(668)] Failed to read DnsConfig.
[0608/143123.835:WARNING:dns_config_service_win.cc(668)] Failed to read DnsConfig.
[0608/143128.837:WARNING:dns_config_service_win.cc(668)] Failed to read DnsConfig.
[0608/143133.840:WARNING:dns_config_service_win.cc(668)] Failed to read DnsConfig.
[0608/143138.843:WARNING:dns_config_service_win.cc(668)] Failed to read DnsConfig.
[0608/143143.846:WARNING:dns_config_service_win.cc(668)] Failed to read DnsConfig.
[0608/143148.849:WARNING:dns_config_service_win.cc(668)] Failed to read DnsConfig.
[0608/143153.852:WARNING:dns_config_service_win.cc(668)] Failed to read DnsConfig.
[0608/143158.857:WARNING:dns_config_service_win.cc(668)] Failed to read DnsConfig.
[0608/143203.871:WARNING:dns_config_service_win.cc(668)] Failed to read DnsConfig.
[0608/143208.874:WARNING:dns_config_service_win.cc(668)] Failed to read DnsConfig.
[0608/143213.878:WARNING:dns_config_service_win.cc(668)] Failed to read DnsConfig.
[0608/143218.881:WARNING:dns_config_service_win.cc(668)] Failed to read DnsConfig.
[0608/143223.885:WARNING:dns_config_service_win.cc(668)] Failed to read DnsConfig.
[0608/143228.887:WARNING:dns_config_service_win.cc(668)] Failed to read DnsConfig.
[0608/143233.890:WARNING:dns_config_service_win.cc(668)] Failed to read DnsConfig.
[0608/143238.894:WARNING:dns_config_service_win.cc(668)] Failed to read DnsConfig.
[0608/143243.897:WARNING:dns_config_service_win.cc(668)] Failed to read DnsConfig.
[0608/143248.900:WARNING:dns_config_service_win.cc(668)] Failed to read DnsConfig.
[0608/143253.903:WARNING:dns_config_service_win.cc(668)] Failed to read DnsConfig.
[0608/143258.906:WARNING:dns_config_service_win.cc(668)] Failed to read DnsConfig.
[0608/143303.909:WARNING:dns_config_service_win.cc(668)] Failed to read DnsConfig.
[0608/143308.913:WARNING:dns_config_service_win.cc(668)] Failed to read DnsConfig.
[0608/143313.917:WARNING:dns_config_service_win.cc(668)] Failed to read DnsConfig.
[0608/143318.921:WARNING:dns_config_service_win.cc(668)] Failed to read DnsConfig.
[0608/143323.924:WARNING:dns_config_service_win.cc(668)] Failed to read DnsConfig.
[0608/143328.927:WARNING:dns_config_service_win.cc(668)] Failed to read DnsConfig.
[0608/143333.931:WARNING:dns_config_service_win.cc(668)] Failed to read DnsConfig.
[0608/143338.933:WARNING:dns_config_service_win.cc(668)] Failed to read DnsConfig.
[0608/143343.937:WARNING:dns_config_service_win.cc(668)] Failed to read DnsConfig.
[0608/143348.941:WARNING:dns_config_service_win.cc(668)] Failed to read DnsConfig.
[0608/143353.944:WARNING:dns_config_service_win.cc(668)] Failed to read DnsConfig.
[0608/143358.947:WARNING:dns_config_service_win.cc(668)] Failed to read DnsConfig.
[0608/143403.950:WARNING:dns_config_service_win.cc(668)] Failed to read DnsConfig.
[0608/143408.954:WARNING:dns_config_service_win.cc(668)] Failed to read DnsConfig.
[0608/143413.957:WARNING:dns_config_service_win.cc(668)] Failed to read DnsConfig.
[0608/143418.960:WARNING:dns_config_service_win.cc(668)] Failed to read DnsConfig.
[0608/143423.963:WARNING:dns_config_service_win.cc(668)] Failed to read DnsConfig.
[0608/143428.967:WARNING:dns_config_service_win.cc(668)] Failed to read DnsConfig.
[0608/143433.970:WARNING:dns_config_service_win.cc(668)] Failed to read DnsConfig.
[0608/143438.973:WARNING:dns_config_service_win.cc(668)] Failed to read DnsConfig.
[0608/143443.977:WARNING:dns_config_service_win.cc(668)] Failed to read DnsConfig.
[0608/143448.980:WARNING:dns_config_service_win.cc(668)] Failed to read DnsConfig.
[0608/143453.983:WARNING:dns_config_service_win.cc(668)] Failed to read DnsConfig.
[0608/143458.986:WARNING:dns_config_service_win.cc(668)] Failed to read DnsConfig.
[0608/143503.989:WARNING:dns_config_service_win.cc(668)] Failed to read DnsConfig.
[0608/143508.992:WARNING:dns_config_service_win.cc(668)] Failed to read DnsConfig.
[0608/143513.995:WARNING:dns_config_service_win.cc(668)] Failed to read DnsConfig.
[0608/143518.998:WARNING:dns_config_service_win.cc(668)] Failed to read DnsConfig.
[0608/143524.001:WARNING:dns_config_service_win.cc(668)] Failed to read DnsConfig.
[0608/143529.005:WARNING:dns_config_service_win.cc(668)] Failed to read DnsConfig.
[0608/143534.008:WARNING:dns_config_service_win.cc(668)] Failed to read DnsConfig.
[0608/143539.012:WARNING:dns_config_service_win.cc(668)] Failed to read DnsConfig.
[0608/143544.015:WARNING:dns_config_service_win.cc(668)] Failed to read DnsConfig.
[0608/143549.018:WARNING:dns_config_service_win.cc(668)] Failed to read DnsConfig.
[0608/143554.021:WARNING:dns_config_service_win.cc(668)] Failed to read DnsConfig.
[0608/143559.024:WARNING:dns_config_service_win.cc(668)] Failed to read DnsConfig.
[0608/143604.028:WARNING:dns_config_service_win.cc(668)] Failed to read DnsConfig.
[0608/143609.031:WARNING:dns_config_service_win.cc(668)] Failed to read DnsConfig.
[0608/143614.035:WARNING:dns_config_service_win.cc(668)] Failed to read DnsConfig.
[0608/143619.038:WARNING:dns_config_service_win.cc(668)] Failed to read DnsConfig.
[0608/143624.042:WARNING:dns_config_service_win.cc(668)] Failed to read DnsConfig.
[0608/143629.045:WARNING:dns_config_service_win.cc(668)] Failed to read DnsConfig.
[0608/143634.048:WARNING:dns_config_service_win.cc(668)] Failed to read DnsConfig.
[0608/143639.052:WARNING:dns_config_service_win.cc(668)] Failed to read DnsConfig.
[0608/143644.055:WARNING:dns_config_service_win.cc(668)] Failed to read DnsConfig.
[0608/143649.057:WARNING:dns_config_service_win.cc(668)] Failed to read DnsConfig.
[0608/143654.068:WARNING:dns_config_service_win.cc(668)] Failed to read DnsConfig.
[0608/143659.074:WARNING:dns_config_service_win.cc(668)] Failed to read DnsConfig.
[0608/143704.077:WARNING:dns_config_service_win.cc(668)] Failed to read DnsConfig.
[0608/143709.082:WARNING:dns_config_service_win.cc(668)] Failed to read DnsConfig.
[0608/143714.086:WARNING:dns_config_service_win.cc(668)] Failed to read DnsConfig.
[0608/143719.090:WARNING:dns_config_service_win.cc(668)] Failed to read DnsConfig.
[0608/143724.093:WARNING:dns_config_service_win.cc(668)] Failed to read DnsConfig.
[0608/143729.096:WARNING:dns_config_service_win.cc(668)] Failed to read DnsConfig.
[0608/143734.099:WARNING:dns_config_service_win.cc(668)] Failed to read DnsConfig.
[0608/143739.104:WARNING:dns_config_service_win.cc(668)] Failed to read DnsConfig.
[0608/143744.106:WARNING:dns_config_service_win.cc(668)] Failed to read DnsConfig.
[0608/143749.109:WARNING:dns_config_service_win.cc(668)] Failed to read DnsConfig.
[0608/143754.113:WARNING:dns_config_service_win.cc(668)] Failed to read DnsConfig.
[0608/143759.116:WARNING:dns_config_service_win.cc(668)] Failed to read DnsConfig.
[0608/143804.121:WARNING:dns_config_service_win.cc(668)] Failed to read DnsConfig.
[0608/143809.124:WARNING:dns_config_service_win.cc(668)] Failed to read DnsConfig.
[0608/143814.127:WARNING:dns_config_service_win.cc(668)] Failed to read DnsConfig.
[0608/143819.130:WARNING:dns_config_service_win.cc(668)] Failed to read DnsConfig.
[0609/164449.631:ERROR:browser_gpu_channel_host_factory.cc(139)] Failed to launch GPU process.
[0611/152004.073:WARNING:dns_config_service_win.cc(668)] Failed to read DnsConfig.
[0611/152009.082:WARNING:dns_config_service_win.cc(668)] Failed to read DnsConfig.
[0611/152014.086:WARNING:dns_config_service_win.cc(668)] Failed to read DnsConfig.
[0611/152019.091:WARNING:dns_config_service_win.cc(668)] Failed to read DnsConfig.
[0611/152024.094:WARNING:dns_config_service_win.cc(668)] Failed to read DnsConfig.
[0611/152029.096:WARNING:dns_config_service_win.cc(668)] Failed to read DnsConfig.
[0611/152034.099:WARNING:dns_config_service_win.cc(668)] Failed to read DnsConfig.
[0611/152039.104:WARNING:dns_config_service_win.cc(668)] Failed to read DnsConfig.
[0611/152044.108:WARNING:dns_config_service_win.cc(668)] Failed to read DnsConfig.
[0611/152049.113:WARNING:dns_config_service_win.cc(668)] Failed to read DnsConfig.
[0611/152054.117:WARNING:dns_config_service_win.cc(668)] Failed to read DnsConfig.
[0611/152059.119:WARNING:dns_config_service_win.cc(668)] Failed to read DnsConfig.
[0611/152104.123:WARNING:dns_config_service_win.cc(668)] Failed to read DnsConfig.
[0611/152109.128:WARNING:dns_config_service_win.cc(668)] Failed to read DnsConfig.
[0611/152114.129:WARNING:dns_config_service_win.cc(668)] Failed to read DnsConfig.
[0611/152119.133:WARNING:dns_config_service_win.cc(668)] Failed to read DnsConfig.
[0611/152124.136:WARNING:dns_config_service_win.cc(668)] Failed to read DnsConfig.
[0611/152129.139:WARNING:dns_config_service_win.cc(668)] Failed to read DnsConfig.
[0611/152134.144:WARNING:dns_config_service_win.cc(668)] Failed to read DnsConfig.
[0611/152139.148:WARNING:dns_config_service_win.cc(668)] Failed to read DnsConfig.
[0611/152144.152:WARNING:dns_config_service_win.cc(668)] Failed to read DnsConfig.
[0611/152149.155:WARNING:dns_config_service_win.cc(668)] Failed to read DnsConfig.
[0614/105819.501:WARNING:dns_config_service_win.cc(668)] Failed to read DnsConfig.
[0614/105824.506:WARNING:dns_config_service_win.cc(668)] Failed to read DnsConfig.
[0614/105829.510:WARNING:dns_config_service_win.cc(668)] Failed to read DnsConfig.
[0614/105834.514:WARNING:dns_config_service_win.cc(668)] Failed to read DnsConfig.
[0614/105839.519:WARNING:dns_config_service_win.cc(668)] Failed to read DnsConfig.
[0614/105844.523:WARNING:dns_config_service_win.cc(668)] Failed to read DnsConfig.
[0614/105849.526:WARNING:dns_config_service_win.cc(668)] Failed to read DnsConfig.
[0614/105854.530:WARNING:dns_config_service_win.cc(668)] Failed to read DnsConfig.
[0614/105859.535:WARNING:dns_config_service_win.cc(668)] Failed to read DnsConfig.
[0614/105904.539:WARNING:dns_config_service_win.cc(668)] Failed to read DnsConfig.
[0614/105909.542:WARNING:dns_config_service_win.cc(668)] Failed to read DnsConfig.
[0614/105914.546:WARNING:dns_config_service_win.cc(668)] Failed to read DnsConfig.
[0614/105919.549:WARNING:dns_config_service_win.cc(668)] Failed to read DnsConfig.
[0614/105924.555:WARNING:dns_config_service_win.cc(668)] Failed to read DnsConfig.
[0614/105929.559:WARNING:dns_config_service_win.cc(668)] Failed to read DnsConfig.
[0614/105934.563:WARNING:dns_config_service_win.cc(668)] Failed to read DnsConfig.
[0614/105939.567:WARNING:dns_config_service_win.cc(668)] Failed to read DnsConfig.
[0614/105944.571:WARNING:dns_config_service_win.cc(668)] Failed to read DnsConfig.
[0614/105949.574:WARNING:dns_config_service_win.cc(668)] Failed to read DnsConfig.
[0614/105954.578:WARNING:dns_config_service_win.cc(668)] Failed to read DnsConfig.
[0614/105959.582:WARNING:dns_config_service_win.cc(668)] Failed to read DnsConfig.
[0614/110004.586:WARNING:dns_config_service_win.cc(668)] Failed to read DnsConfig.
[0614/110009.590:WARNING:dns_config_service_win.cc(668)] Failed to read DnsConfig.
[0614/110014.593:WARNING:dns_config_service_win.cc(668)] Failed to read DnsConfig.
[0614/110019.596:WARNING:dns_config_service_win.cc(668)] Failed to read DnsConfig.
[0614/110024.600:WARNING:dns_config_service_win.cc(668)] Failed to read DnsConfig.
[0614/115525.290:INFO:CONSOLE(1)] "Long rAF frame-time", source: file:///C:/Program%20Files/Adobe/Adobe%20Photoshop%202020/Required/www-rich-tooltips/build/external.js (1)
[0614/115525.512:ERROR:mf_helpers.cc(14)] Error in dxva_video_decode_accelerator_win.cc on line 1612
[0614/115525.513:ERROR:mf_helpers.cc(14)] Error in dxva_video_decode_accelerator_win.cc on line 842
[0614/115525.572:WARNING:angle_platform_impl.cc(52)] compileToBinary(230): 
C:\fakepath(69,8-58): warning X3571: pow(f, e) will not work for negative f, use abs(f) or conditionally handle negative values if you expect them
C:\fakepath(77,9-43): warning X3571: pow(f, e) will not work for negative f, use abs(f) or conditionally handle negative values if you expect them

[0614/124137.737:ERROR:media_internals.cc(112)] Cannot get RenderProcessHost
